<?xml version="1.0" encoding="UTF-8"?>
<!-- Generated by org.testng.reporters.JUnitXMLReporter -->
<testsuite hostname="YG-LT-031" failures="0" tests="3" name="TestProvider" time="16.241" errors="0" timestamp="1 Sep 2021 09:38:14 GMT">
  <testcase classname="testcases.LoginTestProvider" name="test" time="0.444"/>
  <testcase classname="testcases.LoginTestProvider" name="test" time="0.346"/>
  <testcase classname="testcases.LoginTestProvider" name="test" time="0.358"/>
</testsuite> <!-- TestProvider -->
