<?xml version="1.0" encoding="UTF-8"?>
<!-- Generated by org.testng.reporters.JUnitXMLReporter -->
<testsuite hostname="YG-LT-031" ignored="0" name="TestProvider" tests="3" failures="0" timestamp="11 Nov 2021 13:53:09 GMT" time="19.445" errors="0">
  <testcase name="test" time="1.431" classname="testcases.LoginTestProvider"/>
  <testcase name="test" time="1.37" classname="testcases.LoginTestProvider"/>
  <testcase name="test" time="0.852" classname="testcases.LoginTestProvider"/>
</testsuite> <!-- TestProvider -->
