<?xml version="1.0" encoding="UTF-8"?>
<testsuite xmlns:xsi="http://www.w3.org/2001/XMLSchema-instance" xsi:noNamespaceSchemaLocation="https://maven.apache.org/surefire/maven-surefire-plugin/xsd/surefire-test-report-3.0.xsd" version="3.0" name="TestSuite" time="23.895" tests="8" errors="0" skipped="4" failures="1">
  <properties>
[...]
</properties>
  <testcase name="beforeTest" classname="testcases.LoginTestSeeker" time="3.745">
    <failure message="session not created: This version of ChromeDriver only supports Chrome version 92&#10;Current browser version is 95.0.4638.69 with binary path C:\Program Files\Google\Chrome\Application\chrome.exe&#10;Build info: version: &apos;3.141.59&apos;, revision: &apos;e82be7d358&apos;, time: &apos;2018-11-14T08:17:03&apos;&#10;System info: host: &apos;YG-LT-031&apos;, ip: &apos;192.168.2.16&apos;, os.name: &apos;Windows 10&apos;, os.arch: &apos;amd64&apos;, os.version: &apos;10.0&apos;, java.version: &apos;1.8.0_291&apos;&#10;Driver info: driver.version: ChromeDriver&#10;remote stacktrace: Backtrace:&#10;	Ordinal0 [0x009D2A33+2501171]&#10;	Ordinal0 [0x0096D1C1+2085313]&#10;	Ordinal0 [0x00871FA8+1056680]&#10;	Ordinal0 [0x0089020A+1180170]&#10;	Ordinal0 [0x0088C125+1163557]&#10;	Ordinal0 [0x0088997F+1153407]&#10;	Ordinal0 [0x008B999F+1350047]&#10;	Ordinal0 [0x008B960A+1349130]&#10;	Ordinal0 [0x008B551B+1332507]&#10;	Ordinal0 [0x00891D74+1187188]&#10;	Ordinal0 [0x00892BD9+1190873]&#10;	GetHandleVerifier [0x00B4EFE6+1504438]&#10;	GetHandleVerifier [0x00BFDDA5+2220661]&#10;	GetHandleVerifier [0x00A55589+481881]&#10;	GetHandleVerifier [0x00A54639+477961]&#10;	Ordinal0 [0x009728BD+2107581]&#10;	Ordinal0 [0x00976728+2123560]&#10;	Ordinal0 [0x00976862+2123874]&#10;	Ordinal0 [0x0097FA81+2161281]&#10;	BaseThreadInitThunk [0x76B0FA29+25]&#10;	RtlGetAppContainerNamedObjectPath [0x77027A9E+286]&#10;	RtlGetAppContainerNamedObjectPath [0x77027A6E+238]&#10;" type="org.openqa.selenium.SessionNotCreatedException"><![CDATA[org.openqa.selenium.SessionNotCreatedException: 
session not created: This version of ChromeDriver only supports Chrome version 92
Current browser version is 95.0.4638.69 with binary path C:\Program Files\Google\Chrome\Application\chrome.exe
Build info: version: '3.141.59', revision: 'e82be7d358', time: '2018-11-14T08:17:03'
System info: host: 'YG-LT-031', ip: '192.168.2.16', os.name: 'Windows 10', os.arch: 'amd64', os.version: '10.0', java.version: '1.8.0_291'
Driver info: driver.version: ChromeDriver
remote stacktrace: Backtrace:
	Ordinal0 [0x009D2A33+2501171]
	Ordinal0 [0x0096D1C1+2085313]
	Ordinal0 [0x00871FA8+1056680]
	Ordinal0 [0x0089020A+1180170]
	Ordinal0 [0x0088C125+1163557]
	Ordinal0 [0x0088997F+1153407]
	Ordinal0 [0x008B999F+1350047]
	Ordinal0 [0x008B960A+1349130]
	Ordinal0 [0x008B551B+1332507]
	Ordinal0 [0x00891D74+1187188]
	Ordinal0 [0x00892BD9+1190873]
	GetHandleVerifier [0x00B4EFE6+1504438]
	GetHandleVerifier [0x00BFDDA5+2220661]
	GetHandleVerifier [0x00A55589+481881]
	GetHandleVerifier [0x00A54639+477961]
	Ordinal0 [0x009728BD+2107581]
	Ordinal0 [0x00976728+2123560]
	Ordinal0 [0x00976862+2123874]
	Ordinal0 [0x0097FA81+2161281]
	BaseThreadInitThunk [0x76B0FA29+25]
	RtlGetAppContainerNamedObjectPath [0x77027A9E+286]
	RtlGetAppContainerNamedObjectPath [0x77027A6E+238]

]]></failure>
    <system-err><![CDATA[Starting ChromeDriver 92.0.4515.107 (87a818b10553a07434ea9e2b6dccf3cbe7895134-refs/branch-heads/4515@{#1634}) on port 3219
Only local connections are allowed.
Please see https://chromedriver.chromium.org/security-considerations for suggestions on keeping ChromeDriver safe.
ChromeDriver was started successfully.
]]></system-err>
  </testcase>
  <testcase name="test" classname="testcases.LoginTestSeeker" time="0">
    <skipped message="session not created: This version of ChromeDriver only supports Chrome version 92&#10;Current browser version is 95.0.4638.69 with binary path C:\Program Files\Google\Chrome\Application\chrome.exe&#10;Build info: version: &apos;3.141.59&apos;, revision: &apos;e82be7d358&apos;, time: &apos;2018-11-14T08:17:03&apos;&#10;System info: host: &apos;YG-LT-031&apos;, ip: &apos;192.168.2.16&apos;, os.name: &apos;Windows 10&apos;, os.arch: &apos;amd64&apos;, os.version: &apos;10.0&apos;, java.version: &apos;1.8.0_291&apos;&#10;Driver info: driver.version: ChromeDriver&#10;remote stacktrace: Backtrace:&#10;	Ordinal0 [0x009D2A33+2501171]&#10;	Ordinal0 [0x0096D1C1+2085313]&#10;	Ordinal0 [0x00871FA8+1056680]&#10;	Ordinal0 [0x0089020A+1180170]&#10;	Ordinal0 [0x0088C125+1163557]&#10;	Ordinal0 [0x0088997F+1153407]&#10;	Ordinal0 [0x008B999F+1350047]&#10;	Ordinal0 [0x008B960A+1349130]&#10;	Ordinal0 [0x008B551B+1332507]&#10;	Ordinal0 [0x00891D74+1187188]&#10;	Ordinal0 [0x00892BD9+1190873]&#10;	GetHandleVerifier [0x00B4EFE6+1504438]&#10;	GetHandleVerifier [0x00BFDDA5+2220661]&#10;	GetHandleVerifier [0x00A55589+481881]&#10;	GetHandleVerifier [0x00A54639+477961]&#10;	Ordinal0 [0x009728BD+2107581]&#10;	Ordinal0 [0x00976728+2123560]&#10;	Ordinal0 [0x00976862+2123874]&#10;	Ordinal0 [0x0097FA81+2161281]&#10;	BaseThreadInitThunk [0x76B0FA29+25]&#10;	RtlGetAppContainerNamedObjectPath [0x77027A9E+286]&#10;	RtlGetAppContainerNamedObjectPath [0x77027A6E+238]&#10;"/>
    <system-out><![CDATA[connected by poi..
2 , 3
]]></system-out>
  </testcase>
  <testcase name="test" classname="testcases.LoginTestSeeker" time="0">
    <skipped message="session not created: This version of ChromeDriver only supports Chrome version 92&#10;Current browser version is 95.0.4638.69 with binary path C:\Program Files\Google\Chrome\Application\chrome.exe&#10;Build info: version: &apos;3.141.59&apos;, revision: &apos;e82be7d358&apos;, time: &apos;2018-11-14T08:17:03&apos;&#10;System info: host: &apos;YG-LT-031&apos;, ip: &apos;192.168.2.16&apos;, os.name: &apos;Windows 10&apos;, os.arch: &apos;amd64&apos;, os.version: &apos;10.0&apos;, java.version: &apos;1.8.0_291&apos;&#10;Driver info: driver.version: ChromeDriver&#10;remote stacktrace: Backtrace:&#10;	Ordinal0 [0x009D2A33+2501171]&#10;	Ordinal0 [0x0096D1C1+2085313]&#10;	Ordinal0 [0x00871FA8+1056680]&#10;	Ordinal0 [0x0089020A+1180170]&#10;	Ordinal0 [0x0088C125+1163557]&#10;	Ordinal0 [0x0088997F+1153407]&#10;	Ordinal0 [0x008B999F+1350047]&#10;	Ordinal0 [0x008B960A+1349130]&#10;	Ordinal0 [0x008B551B+1332507]&#10;	Ordinal0 [0x00891D74+1187188]&#10;	Ordinal0 [0x00892BD9+1190873]&#10;	GetHandleVerifier [0x00B4EFE6+1504438]&#10;	GetHandleVerifier [0x00BFDDA5+2220661]&#10;	GetHandleVerifier [0x00A55589+481881]&#10;	GetHandleVerifier [0x00A54639+477961]&#10;	Ordinal0 [0x009728BD+2107581]&#10;	Ordinal0 [0x00976728+2123560]&#10;	Ordinal0 [0x00976862+2123874]&#10;	Ordinal0 [0x0097FA81+2161281]&#10;	BaseThreadInitThunk [0x76B0FA29+25]&#10;	RtlGetAppContainerNamedObjectPath [0x77027A9E+286]&#10;	RtlGetAppContainerNamedObjectPath [0x77027A6E+238]&#10;"/>
  </testcase>
  <testcase name="test" classname="testcases.LoginTestSeeker" time="0">
    <skipped message="session not created: This version of ChromeDriver only supports Chrome version 92&#10;Current browser version is 95.0.4638.69 with binary path C:\Program Files\Google\Chrome\Application\chrome.exe&#10;Build info: version: &apos;3.141.59&apos;, revision: &apos;e82be7d358&apos;, time: &apos;2018-11-14T08:17:03&apos;&#10;System info: host: &apos;YG-LT-031&apos;, ip: &apos;192.168.2.16&apos;, os.name: &apos;Windows 10&apos;, os.arch: &apos;amd64&apos;, os.version: &apos;10.0&apos;, java.version: &apos;1.8.0_291&apos;&#10;Driver info: driver.version: ChromeDriver&#10;remote stacktrace: Backtrace:&#10;	Ordinal0 [0x009D2A33+2501171]&#10;	Ordinal0 [0x0096D1C1+2085313]&#10;	Ordinal0 [0x00871FA8+1056680]&#10;	Ordinal0 [0x0089020A+1180170]&#10;	Ordinal0 [0x0088C125+1163557]&#10;	Ordinal0 [0x0088997F+1153407]&#10;	Ordinal0 [0x008B999F+1350047]&#10;	Ordinal0 [0x008B960A+1349130]&#10;	Ordinal0 [0x008B551B+1332507]&#10;	Ordinal0 [0x00891D74+1187188]&#10;	Ordinal0 [0x00892BD9+1190873]&#10;	GetHandleVerifier [0x00B4EFE6+1504438]&#10;	GetHandleVerifier [0x00BFDDA5+2220661]&#10;	GetHandleVerifier [0x00A55589+481881]&#10;	GetHandleVerifier [0x00A54639+477961]&#10;	Ordinal0 [0x009728BD+2107581]&#10;	Ordinal0 [0x00976728+2123560]&#10;	Ordinal0 [0x00976862+2123874]&#10;	Ordinal0 [0x0097FA81+2161281]&#10;	BaseThreadInitThunk [0x76B0FA29+25]&#10;	RtlGetAppContainerNamedObjectPath [0x77027A9E+286]&#10;	RtlGetAppContainerNamedObjectPath [0x77027A6E+238]&#10;"/>
  </testcase>
  <testcase name="afterTest" classname="testcases.LoginTestSeeker" time="0">
    <skipped/>
  </testcase>
  <testcase name="test" classname="testcases.LoginTestProvider" time="1.425"/>
  <testcase name="test" classname="testcases.LoginTestProvider" time="1.371"/>
  <testcase name="test" classname="testcases.LoginTestProvider" time="0.852"/>
</testsuite>