<?xml version="1.0" encoding="UTF-8"?>
<testng-results total="6" passed="6" failed="0" skipped="0">
  <reporter-output>
  </reporter-output>
  <suite started-at="2021-09-01T09:37:21Z" name="Suite" finished-at="2021-09-01T09:38:14Z" duration-ms="53110">
    <groups>
    </groups>
    <test started-at="2021-09-01T09:37:21Z" name="TestSeeker" finished-at="2021-09-01T09:37:58Z" duration-ms="36846">
      <class name="testcases.LoginTestSeeker">
        <test-method is-config="true" signature="beforeTest(java.lang.String, java.lang.String)[pri:0, instance:testcases.LoginTestSeeker@394df057]" started-at="2021-09-01T05:37:21Z" name="beforeTest" finished-at="2021-09-01T05:37:48Z" duration-ms="26356" status="PASS">
          <params>
            <param index="0">
              <value>
                <![CDATA[chrome]]>
              </value>
            </param>
            <param index="1">
              <value>
                <![CDATA[http://www.nethorizonconsultancy.com/Seeker.aspx]]>
              </value>
            </param>
          </params>
          <reporter-output>
          </reporter-output>
        </test-method> <!-- beforeTest -->
        <test-method signature="test(java.lang.String, java.lang.String)[pri:0, instance:testcases.LoginTestSeeker@394df057]" started-at="2021-09-01T05:37:48Z" name="test" data-provider="getData" finished-at="2021-09-01T05:37:49Z" duration-ms="793" status="PASS">
          <params>
            <param index="0">
              <value>
                <![CDATA[parag]]>
              </value>
            </param>
            <param index="1">
              <value>
                <![CDATA[saxena]]>
              </value>
            </param>
          </params>
          <reporter-output>
          </reporter-output>
        </test-method> <!-- test -->
        <test-method signature="test(java.lang.String, java.lang.String)[pri:0, instance:testcases.LoginTestSeeker@394df057]" started-at="2021-09-01T05:37:49Z" name="test" data-provider="getData" finished-at="2021-09-01T05:37:49Z" duration-ms="554" status="PASS">
          <params>
            <param index="0">
              <value>
                <![CDATA[amit]]>
              </value>
            </param>
            <param index="1">
              <value>
                <![CDATA[taneja]]>
              </value>
            </param>
          </params>
          <reporter-output>
          </reporter-output>
        </test-method> <!-- test -->
        <test-method signature="test(java.lang.String, java.lang.String)[pri:0, instance:testcases.LoginTestSeeker@394df057]" started-at="2021-09-01T05:37:49Z" name="test" data-provider="getData" finished-at="2021-09-01T05:37:50Z" duration-ms="518" status="PASS">
          <params>
            <param index="0">
              <value>
                <![CDATA[ravi]]>
              </value>
            </param>
            <param index="1">
              <value>
                <![CDATA[kumar]]>
              </value>
            </param>
          </params>
          <reporter-output>
          </reporter-output>
        </test-method> <!-- test -->
        <test-method is-config="true" signature="afterTest()[pri:0, instance:testcases.LoginTestSeeker@394df057]" started-at="2021-09-01T05:37:50Z" name="afterTest" finished-at="2021-09-01T05:37:58Z" duration-ms="8204" status="PASS">
          <reporter-output>
          </reporter-output>
        </test-method> <!-- afterTest -->
      </class> <!-- testcases.LoginTestSeeker -->
    </test> <!-- TestSeeker -->
    <test started-at="2021-09-01T09:37:58Z" name="TestProvider" finished-at="2021-09-01T09:38:14Z" duration-ms="16241">
      <class name="testcases.LoginTestProvider">
        <test-method is-config="true" signature="beforeTest(java.lang.String, java.lang.String)[pri:0, instance:testcases.LoginTestProvider@6ab778a]" started-at="2021-09-01T05:37:58Z" name="beforeTest" finished-at="2021-09-01T05:38:05Z" duration-ms="6502" status="PASS">
          <params>
            <param index="0">
              <value>
                <![CDATA[firefox]]>
              </value>
            </param>
            <param index="1">
              <value>
                <![CDATA[http://www.nethorizonconsultancy.com/provider.aspx]]>
              </value>
            </param>
          </params>
          <reporter-output>
          </reporter-output>
        </test-method> <!-- beforeTest -->
        <test-method signature="test(java.lang.String, java.lang.String)[pri:0, instance:testcases.LoginTestProvider@6ab778a]" started-at="2021-09-01T05:38:05Z" name="test" data-provider="getData" finished-at="2021-09-01T05:38:05Z" duration-ms="444" status="PASS">
          <params>
            <param index="0">
              <value>
                <![CDATA[parag]]>
              </value>
            </param>
            <param index="1">
              <value>
                <![CDATA[saxena]]>
              </value>
            </param>
          </params>
          <reporter-output>
          </reporter-output>
        </test-method> <!-- test -->
        <test-method signature="test(java.lang.String, java.lang.String)[pri:0, instance:testcases.LoginTestProvider@6ab778a]" started-at="2021-09-01T05:38:05Z" name="test" data-provider="getData" finished-at="2021-09-01T05:38:05Z" duration-ms="346" status="PASS">
          <params>
            <param index="0">
              <value>
                <![CDATA[amit]]>
              </value>
            </param>
            <param index="1">
              <value>
                <![CDATA[taneja]]>
              </value>
            </param>
          </params>
          <reporter-output>
          </reporter-output>
        </test-method> <!-- test -->
        <test-method signature="test(java.lang.String, java.lang.String)[pri:0, instance:testcases.LoginTestProvider@6ab778a]" started-at="2021-09-01T05:38:05Z" name="test" data-provider="getData" finished-at="2021-09-01T05:38:06Z" duration-ms="358" status="PASS">
          <params>
            <param index="0">
              <value>
                <![CDATA[ravi]]>
              </value>
            </param>
            <param index="1">
              <value>
                <![CDATA[kumar]]>
              </value>
            </param>
          </params>
          <reporter-output>
          </reporter-output>
        </test-method> <!-- test -->
        <test-method is-config="true" signature="afterTest()[pri:0, instance:testcases.LoginTestProvider@6ab778a]" started-at="2021-09-01T05:38:06Z" name="afterTest" finished-at="2021-09-01T05:38:14Z" duration-ms="8576" status="PASS">
          <reporter-output>
          </reporter-output>
        </test-method> <!-- afterTest -->
      </class> <!-- testcases.LoginTestProvider -->
    </test> <!-- TestProvider -->
  </suite> <!-- Suite -->
</testng-results>
